Added Component: Designator=D(IRLED2835M)
Add component. Clean all parameters for all variants
Added Component: Designator=D(IRLED2835M)
Add component. Clean all parameters for all variants
Added Component: Designator=D(IRLED2835M)
Add component. Clean all parameters for all variants
Added Component: Designator=D(IRLED2835M)
Add component. Clean all parameters for all variants
Added Component: Designator=D(IRLED2835M)
Add component. Clean all parameters for all variants
Added Component: Designator=D(IRLED2835M)
Add component. Clean all parameters for all variants
Added Component: Designator=D(IRLED2835M)
Add component. Clean all parameters for all variants
Added Component: Designator=D(IRLED2835M)
Add component. Clean all parameters for all variants
Added Component: Designator=D(IRLED2835M)
Add component. Clean all parameters for all variants
Added Component: Designator=D(IRLED2835M)
Add component. Clean all parameters for all variants
Added Component: Designator=D(IRLED2835M)
Add component. Clean all parameters for all variants
Added Component: Designator=D(IRLED2835M)
Add component. Clean all parameters for all variants
Added Component: Designator=D(IRLED2835M)
Add component. Clean all parameters for all variants
Added Component: Designator=D(IRLED2835M)
Add component. Clean all parameters for all variants
Added Component: Designator=D(IRLED2835M)
Add component. Clean all parameters for all variants
Added Component: Designator=D(IRLED2835M)
Add component. Clean all parameters for all variants
Added Component: Designator=D(IRLED2835M)
Add component. Clean all parameters for all variants
Added Component: Designator=D(IRLED2835M)
Add component. Clean all parameters for all variants
Added Component: Designator=D(IRLED2835M)
Add component. Clean all parameters for all variants
Added Component: Designator=D(IRLED2835M)
Add component. Clean all parameters for all variants
Added Component: Designator=D(IRLED2835M)
Add component. Clean all parameters for all variants
Added Component: Designator=D(IRLED2835M)
Add component. Clean all parameters for all variants
Added Component: Designator=D(IRLED2835M)
Add component. Clean all parameters for all variants
Added Component: Designator=D(IRLED2835M)
Add component. Clean all parameters for all variants
Added Component: Designator=D(IRLED2835M)
Add component. Clean all parameters for all variants
Added Component: Designator=D(IRLED2835M)
Add component. Clean all parameters for all variants
Added Component: Designator=D(IRLED2835M)
Add component. Clean all parameters for all variants
Added Component: Designator=D(IRLED2835M)
Add component. Clean all parameters for all variants
Added Component: Designator=D(IRLED2835M)
Add component. Clean all parameters for all variants
Added Component: Designator=D(IRLED2835M)
Add component. Clean all parameters for all variants
Added Component: Designator=D(IRLED2835M)
Add component. Clean all parameters for all variants
Added Component: Designator=D(IRLED2835M)
Add component. Clean all parameters for all variants
Added Component: Designator=D(IRLED2835M)
Add component. Clean all parameters for all variants
Added Component: Designator=D(IRLED2835M)
Add component. Clean all parameters for all variants
Added Component: Designator=D(IRLED2835M)
Add component. Clean all parameters for all variants
Added Component: Designator=D(IRLED2835M)
Add component. Clean all parameters for all variants
Added Pin To Net: NetName=VCC Pin=D-1
Added Pin To Net: NetName=VCC Pin=D-1
Added Pin To Net: NetName=VCC Pin=D-1
Added Pin To Net: NetName=VCC Pin=D-1
Added Pin To Net: NetName=GND Pin=D-2
Added Pin To Net: NetName=GND Pin=D-2
Added Pin To Net: NetName=GND Pin=D-2
Added Pin To Net: NetName=GND Pin=D-2
Added Pin To Net: NetName=NetD_1 Pin=D-1
Added Pin To Net: NetName=NetD_1 Pin=D-2
Added Net: Name=NetD_1
Added Class: Name=IR60-19_5GF
Added Room: Name=IR60-19_5GF
