Added Net: Name=GND
Added Net: Name=NetD1_2
Added Net: Name=NetD2_2
Added Net: Name=NetD3_2
Added Net: Name=NetD4_2
Added Net: Name=NetD5_2
Added Net: Name=NetD6_2
Added Net: Name=NetD7_2
Added Net: Name=NetD8_2
Added Net: Name=NetD9_2
Added Net: Name=NetD10_2
Added Net: Name=NetD11_2
Added Net: Name=NetD12_2
Added Net: Name=NetD13_2
Added Net: Name=NetD15_2
Added Net: Name=NetD16_2
Added Net: Name=NetD17_2
Added Net: Name=NetD18_2
Added Net: Name=NetD19_2
Added Net: Name=NetD20_2
Added Net: Name=NetD21_2
Added Net: Name=NetD22_2
Added Net: Name=NetD23_2
Added Net: Name=NetD24_2
Added Net: Name=NetD25_2
Added Net: Name=NetD26_2
Added Net: Name=NetD27_2
Added Net: Name=NetD29_2
Added Net: Name=NetD30_2
Added Net: Name=NetD31_2
Added Net: Name=NetD32_2
Added Net: Name=NetD33_2
Added Net: Name=NetD34_2
Added Net: Name=NetD35_2
Added Net: Name=NetD36_2
Added Net: Name=NetD37_2
Added Net: Name=NetD38_2
Added Net: Name=NetD39_2
Added Net: Name=NetD40_2
Added Net: Name=NetD41_2
Added Net: Name=NetD43_2
Added Net: Name=NetD44_2
Added Net: Name=NetD45_2
Added Net: Name=NetD46_2
Added Net: Name=NetD47_2
Added Net: Name=NetD48_2
Added Net: Name=NetD49_2
Added Net: Name=NetD50_2
Added Net: Name=NetD51_2
Added Net: Name=NetD52_2
Added Net: Name=NetD53_2
Added Net: Name=NetD54_2
Added Net: Name=NetD55_2
Added Net: Name=NetD57_2
Added Net: Name=NetD58_2
Added Net: Name=NetD59_2
Added Net: Name=NetD60_2
Added Net: Name=NetD61_2
Added Net: Name=NetD62_2
Added Net: Name=NetD63_2
Added Net: Name=NetD64_2
Added Net: Name=NetD65_2
Added Net: Name=NetD66_2
Added Net: Name=NetD67_2
Added Net: Name=NetD68_2
Added Net: Name=NetD69_2
Added Net: Name=NetD71_2
Added Net: Name=NetD72_2
Added Net: Name=NetD73_2
Added Net: Name=NetD74_2
Added Net: Name=NetD75_2
Added Net: Name=NetD76_2
Added Net: Name=NetD77_2
Added Net: Name=NetD78_2
Added Net: Name=NetD79_2
Added Net: Name=NetD80_2
Added Net: Name=NetD81_2
Added Net: Name=NetD82_2
Added Net: Name=NetD83_2
Added Net: Name=NetD85_2
Added Net: Name=NetD86_2
Added Net: Name=NetD87_2
Added Net: Name=NetD88_2
Added Net: Name=NetD89_2
Added Net: Name=NetD90_2
Added Net: Name=NetD91_2
Added Net: Name=NetD92_2
Added Net: Name=NetD93_2
Added Net: Name=NetD94_2
Added Net: Name=NetD95_2
Added Net: Name=NetD96_2
Added Net: Name=NetD97_2
Added Net: Name=NetD99_2
Added Net: Name=NetD100_2
Added Net: Name=NetD101_2
Added Net: Name=NetD102_2
Added Net: Name=NetD103_2
Added Net: Name=NetD104_2
Added Net: Name=NetD105_2
Added Net: Name=NetD106_2
Added Net: Name=NetD107_2
Added Net: Name=NetD108_2
Added Net: Name=NetD109_2
Added Net: Name=NetD110_2
Added Net: Name=NetD111_2
Added Net: Name=VCC
Added Class: Name=IR180-19_5GF
Added Room: Name=IR180-19_5GF
