Added Component: Designator=D1(LED 1206R)
Add component. Clean all parameters for all variants
Added Component: Designator=D2(LED 1206R)
Add component. Clean all parameters for all variants
Added Component: Designator=D3(LED 1206R)
Add component. Clean all parameters for all variants
Added Component: Designator=D4(LED 1206R)
Add component. Clean all parameters for all variants
Added Component: Designator=D5(LED 1206R)
Add component. Clean all parameters for all variants
Added Component: Designator=D6(LED 1206R)
Add component. Clean all parameters for all variants
Added Component: Designator=D7(LED 1206R)
Add component. Clean all parameters for all variants
Added Component: Designator=D8(LED 1206R)
Add component. Clean all parameters for all variants
Added Component: Designator=D9(LED 1206R)
Add component. Clean all parameters for all variants
Added Component: Designator=D10(LED 1206R)
Add component. Clean all parameters for all variants
Added Component: Designator=D11(LED 1206R)
Add component. Clean all parameters for all variants
Added Component: Designator=D12(LED 1206R)
Add component. Clean all parameters for all variants
Added Component: Designator=D13(LED 1206R)
Add component. Clean all parameters for all variants
Added Component: Designator=D14(LED 1206R)
Add component. Clean all parameters for all variants
Added Pin To Net: NetName=GND Pin=D14-2
Added Net: Name=GND
Added Pin To Net: NetName=NetD1_2 Pin=D1-2
Added Pin To Net: NetName=NetD1_2 Pin=D2-1
Added Net: Name=NetD1_2
Added Pin To Net: NetName=NetD2_2 Pin=D2-2
Added Pin To Net: NetName=NetD2_2 Pin=D3-1
Added Net: Name=NetD2_2
Added Pin To Net: NetName=NetD3_2 Pin=D3-2
Added Pin To Net: NetName=NetD3_2 Pin=D4-1
Added Net: Name=NetD3_2
Added Pin To Net: NetName=NetD4_2 Pin=D4-2
Added Pin To Net: NetName=NetD4_2 Pin=D5-1
Added Net: Name=NetD4_2
Added Pin To Net: NetName=NetD5_2 Pin=D5-2
Added Pin To Net: NetName=NetD5_2 Pin=D6-1
Added Net: Name=NetD5_2
Added Pin To Net: NetName=NetD6_2 Pin=D6-2
Added Pin To Net: NetName=NetD6_2 Pin=D7-1
Added Net: Name=NetD6_2
Added Pin To Net: NetName=NetD7_2 Pin=D7-2
Added Pin To Net: NetName=NetD7_2 Pin=D8-1
Added Net: Name=NetD7_2
Added Pin To Net: NetName=NetD8_2 Pin=D8-2
Added Pin To Net: NetName=NetD8_2 Pin=D9-1
Added Net: Name=NetD8_2
Added Pin To Net: NetName=NetD9_2 Pin=D9-2
Added Pin To Net: NetName=NetD9_2 Pin=D10-1
Added Net: Name=NetD9_2
Added Pin To Net: NetName=NetD10_2 Pin=D10-2
Added Pin To Net: NetName=NetD10_2 Pin=D11-1
Added Net: Name=NetD10_2
Added Pin To Net: NetName=NetD11_2 Pin=D11-2
Added Pin To Net: NetName=NetD11_2 Pin=D12-1
Added Net: Name=NetD11_2
Added Pin To Net: NetName=NetD12_2 Pin=D12-2
Added Pin To Net: NetName=NetD12_2 Pin=D13-1
Added Net: Name=NetD12_2
Added Pin To Net: NetName=NetD13_2 Pin=D13-2
Added Pin To Net: NetName=NetD13_2 Pin=D14-1
Added Net: Name=NetD13_2
Added Pin To Net: NetName=VCC Pin=D1-1
Added Net: Name=VCC
Added Class: Name=IR180-19_5GF
Added Room: Name=IR180-19_5GF
