Change Component Designator: OldDesignator=D1 NewDesignator=D15
Change Component Designator: OldDesignator=D2 NewDesignator=D16
Change Component Designator: OldDesignator=D3 NewDesignator=D17
Change Component Designator: OldDesignator=D4 NewDesignator=D18
Change Component Designator: OldDesignator=D5 NewDesignator=D19
Change Component Designator: OldDesignator=D6 NewDesignator=D20
Change Component Designator: OldDesignator=D7 NewDesignator=D21
Change Component Designator: OldDesignator=D8 NewDesignator=D22
Change Component Designator: OldDesignator=D9 NewDesignator=D23
Change Component Designator: OldDesignator=D10 NewDesignator=D24
Change Component Designator: OldDesignator=D11 NewDesignator=D25
Change Component Designator: OldDesignator=D12 NewDesignator=D26
Change Component Designator: OldDesignator=D13 NewDesignator=D27
Change Component Designator: OldDesignator=D14 NewDesignator=D28
Added Component: Designator=D1(IRLED2835M)
Add component. Clean all parameters for all variants
Added Component: Designator=D2(IRLED2835M)
Add component. Clean all parameters for all variants
Added Component: Designator=D3(IRLED2835M)
Add component. Clean all parameters for all variants
Added Component: Designator=D4(IRLED2835M)
Add component. Clean all parameters for all variants
Added Component: Designator=D5(IRLED2835M)
Add component. Clean all parameters for all variants
Added Component: Designator=D6(IRLED2835M)
Add component. Clean all parameters for all variants
Added Component: Designator=D7(IRLED2835M)
Add component. Clean all parameters for all variants
Added Component: Designator=D8(IRLED2835M)
Add component. Clean all parameters for all variants
Added Component: Designator=D9(IRLED2835M)
Add component. Clean all parameters for all variants
Added Component: Designator=D10(IRLED2835M)
Add component. Clean all parameters for all variants
Added Component: Designator=D11(IRLED2835M)
Add component. Clean all parameters for all variants
Added Component: Designator=D12(IRLED2835M)
Add component. Clean all parameters for all variants
Added Component: Designator=D13(IRLED2835M)
Add component. Clean all parameters for all variants
Added Component: Designator=D14(IRLED2835M)
Add component. Clean all parameters for all variants
Added Component: Designator=D29(IRLED2835M)
Add component. Clean all parameters for all variants
Added Component: Designator=D30(IRLED2835M)
Add component. Clean all parameters for all variants
Added Component: Designator=D31(IRLED2835M)
Add component. Clean all parameters for all variants
Added Component: Designator=D32(IRLED2835M)
Add component. Clean all parameters for all variants
Added Component: Designator=D33(IRLED2835M)
Add component. Clean all parameters for all variants
Added Component: Designator=D34(IRLED2835M)
Add component. Clean all parameters for all variants
Added Component: Designator=D35(IRLED2835M)
Add component. Clean all parameters for all variants
Added Component: Designator=D36(IRLED2835M)
Add component. Clean all parameters for all variants
Added Component: Designator=D37(IRLED2835M)
Add component. Clean all parameters for all variants
Added Component: Designator=D38(IRLED2835M)
Add component. Clean all parameters for all variants
Added Component: Designator=D39(IRLED2835M)
Add component. Clean all parameters for all variants
Added Component: Designator=D40(IRLED2835M)
Add component. Clean all parameters for all variants
Added Component: Designator=D41(IRLED2835M)
Add component. Clean all parameters for all variants
Added Component: Designator=D42(IRLED2835M)
Add component. Clean all parameters for all variants
Added Component: Designator=D43(IRLED2835M)
Add component. Clean all parameters for all variants
Added Component: Designator=D44(IRLED2835M)
Add component. Clean all parameters for all variants
Added Component: Designator=D45(IRLED2835M)
Add component. Clean all parameters for all variants
Added Component: Designator=D46(IRLED2835M)
Add component. Clean all parameters for all variants
Added Component: Designator=D47(IRLED2835M)
Add component. Clean all parameters for all variants
Added Component: Designator=D48(IRLED2835M)
Add component. Clean all parameters for all variants
Added Component: Designator=D49(IRLED2835M)
Add component. Clean all parameters for all variants
Added Component: Designator=D50(IRLED2835M)
Add component. Clean all parameters for all variants
Added Component: Designator=D51(IRLED2835M)
Add component. Clean all parameters for all variants
Added Component: Designator=D52(IRLED2835M)
Add component. Clean all parameters for all variants
Added Component: Designator=D53(IRLED2835M)
Add component. Clean all parameters for all variants
Added Component: Designator=D54(IRLED2835M)
Add component. Clean all parameters for all variants
Added Component: Designator=D55(IRLED2835M)
Add component. Clean all parameters for all variants
Added Component: Designator=D56(IRLED2835M)
Add component. Clean all parameters for all variants
Added Component: Designator=D57(IRLED2835M)
Add component. Clean all parameters for all variants
Added Component: Designator=D58(IRLED2835M)
Add component. Clean all parameters for all variants
Added Component: Designator=D59(IRLED2835M)
Add component. Clean all parameters for all variants
Added Component: Designator=D60(IRLED2835M)
Add component. Clean all parameters for all variants
Added Component: Designator=D61(IRLED2835M)
Add component. Clean all parameters for all variants
Added Component: Designator=D62(IRLED2835M)
Add component. Clean all parameters for all variants
Added Component: Designator=D63(IRLED2835M)
Add component. Clean all parameters for all variants
Added Component: Designator=D64(IRLED2835M)
Add component. Clean all parameters for all variants
Added Component: Designator=D65(IRLED2835M)
Add component. Clean all parameters for all variants
Added Component: Designator=D66(IRLED2835M)
Add component. Clean all parameters for all variants
Added Component: Designator=D67(IRLED2835M)
Add component. Clean all parameters for all variants
Added Component: Designator=D68(IRLED2835M)
Add component. Clean all parameters for all variants
Added Component: Designator=D69(IRLED2835M)
Add component. Clean all parameters for all variants
Added Component: Designator=D70(IRLED2835M)
Add component. Clean all parameters for all variants
Added Component: Designator=D71(IRLED2835M)
Add component. Clean all parameters for all variants
Added Component: Designator=D72(IRLED2835M)
Add component. Clean all parameters for all variants
Added Component: Designator=D73(IRLED2835M)
Add component. Clean all parameters for all variants
Added Component: Designator=D74(IRLED2835M)
Add component. Clean all parameters for all variants
Added Component: Designator=D75(IRLED2835M)
Add component. Clean all parameters for all variants
Added Component: Designator=D76(IRLED2835M)
Add component. Clean all parameters for all variants
Added Component: Designator=D77(IRLED2835M)
Add component. Clean all parameters for all variants
Added Component: Designator=D78(IRLED2835M)
Add component. Clean all parameters for all variants
Added Component: Designator=D79(IRLED2835M)
Add component. Clean all parameters for all variants
Added Component: Designator=D80(IRLED2835M)
Add component. Clean all parameters for all variants
Added Component: Designator=D81(IRLED2835M)
Add component. Clean all parameters for all variants
Added Component: Designator=D82(IRLED2835M)
Add component. Clean all parameters for all variants
Added Component: Designator=D83(IRLED2835M)
Add component. Clean all parameters for all variants
Added Component: Designator=D84(IRLED2835M)
Add component. Clean all parameters for all variants
Added Component: Designator=D85(IRLED2835M)
Add component. Clean all parameters for all variants
Added Component: Designator=D86(IRLED2835M)
Add component. Clean all parameters for all variants
Added Component: Designator=D87(IRLED2835M)
Add component. Clean all parameters for all variants
Added Component: Designator=D88(IRLED2835M)
Add component. Clean all parameters for all variants
Added Component: Designator=D89(IRLED2835M)
Add component. Clean all parameters for all variants
Added Component: Designator=D90(IRLED2835M)
Add component. Clean all parameters for all variants
Added Component: Designator=D91(IRLED2835M)
Add component. Clean all parameters for all variants
Added Component: Designator=D92(IRLED2835M)
Add component. Clean all parameters for all variants
Added Component: Designator=D93(IRLED2835M)
Add component. Clean all parameters for all variants
Added Component: Designator=D94(IRLED2835M)
Add component. Clean all parameters for all variants
Added Component: Designator=D95(IRLED2835M)
Add component. Clean all parameters for all variants
Added Component: Designator=D96(IRLED2835M)
Add component. Clean all parameters for all variants
Added Component: Designator=D97(IRLED2835M)
Add component. Clean all parameters for all variants
Added Component: Designator=D98(IRLED2835M)
Add component. Clean all parameters for all variants
Added Component: Designator=D99(IRLED2835M)
Add component. Clean all parameters for all variants
Added Component: Designator=D100(IRLED2835M)
Add component. Clean all parameters for all variants
Added Component: Designator=D101(IRLED2835M)
Add component. Clean all parameters for all variants
Added Component: Designator=D102(IRLED2835M)
Add component. Clean all parameters for all variants
Added Component: Designator=D103(IRLED2835M)
Add component. Clean all parameters for all variants
Added Component: Designator=D104(IRLED2835M)
Add component. Clean all parameters for all variants
Added Component: Designator=D105(IRLED2835M)
Add component. Clean all parameters for all variants
Added Component: Designator=D106(IRLED2835M)
Add component. Clean all parameters for all variants
Added Component: Designator=D107(IRLED2835M)
Add component. Clean all parameters for all variants
Added Component: Designator=D108(IRLED2835M)
Add component. Clean all parameters for all variants
Added Component: Designator=D109(IRLED2835M)
Add component. Clean all parameters for all variants
Added Component: Designator=D110(IRLED2835M)
Add component. Clean all parameters for all variants
Added Component: Designator=D111(IRLED2835M)
Add component. Clean all parameters for all variants
Added Component: Designator=D112(IRLED2835M)
Add component. Clean all parameters for all variants
Added Pin To Net: NetName=VCC Pin=D1-1
Added Pin To Net: NetName=GND Pin=D14-2
Added Pin To Net: NetName=VCC Pin=D29-1
Added Pin To Net: NetName=GND Pin=D42-2
Added Pin To Net: NetName=VCC Pin=D43-1
Added Pin To Net: NetName=GND Pin=D56-2
Added Pin To Net: NetName=VCC Pin=D57-1
Added Pin To Net: NetName=GND Pin=D70-2
Added Pin To Net: NetName=VCC Pin=D71-1
Added Pin To Net: NetName=GND Pin=D84-2
Added Pin To Net: NetName=VCC Pin=D85-1
Added Pin To Net: NetName=GND Pin=D98-2
Added Pin To Net: NetName=VCC Pin=D99-1
Added Pin To Net: NetName=GND Pin=D112-2
Change Net Name : Old Net Name=NetD1_2 New Net Name=NetD15_2
Change Net Name : Old Net Name=NetD2_2 New Net Name=NetD16_2
Change Net Name : Old Net Name=NetD3_2 New Net Name=NetD17_2
Change Net Name : Old Net Name=NetD4_2 New Net Name=NetD18_2
Change Net Name : Old Net Name=NetD5_2 New Net Name=NetD19_2
Change Net Name : Old Net Name=NetD6_2 New Net Name=NetD20_2
Change Net Name : Old Net Name=NetD7_2 New Net Name=NetD21_2
Change Net Name : Old Net Name=NetD8_2 New Net Name=NetD22_2
Change Net Name : Old Net Name=NetD9_2 New Net Name=NetD23_2
Change Net Name : Old Net Name=NetD10_2 New Net Name=NetD24_2
Change Net Name : Old Net Name=NetD11_2 New Net Name=NetD25_2
Change Net Name : Old Net Name=NetD12_2 New Net Name=NetD26_2
Change Net Name : Old Net Name=NetD13_2 New Net Name=NetD27_2
Added Pin To Net: NetName=NetD1_2 Pin=D1-2
Added Pin To Net: NetName=NetD1_2 Pin=D2-1
Added Net: Name=NetD1_2
Added Pin To Net: NetName=NetD2_2 Pin=D2-2
Added Pin To Net: NetName=NetD2_2 Pin=D3-1
Added Net: Name=NetD2_2
Added Pin To Net: NetName=NetD3_2 Pin=D3-2
Added Pin To Net: NetName=NetD3_2 Pin=D4-1
Added Net: Name=NetD3_2
Added Pin To Net: NetName=NetD4_2 Pin=D4-2
Added Pin To Net: NetName=NetD4_2 Pin=D5-1
Added Net: Name=NetD4_2
Added Pin To Net: NetName=NetD5_2 Pin=D5-2
Added Pin To Net: NetName=NetD5_2 Pin=D6-1
Added Net: Name=NetD5_2
Added Pin To Net: NetName=NetD6_2 Pin=D6-2
Added Pin To Net: NetName=NetD6_2 Pin=D7-1
Added Net: Name=NetD6_2
Added Pin To Net: NetName=NetD7_2 Pin=D7-2
Added Pin To Net: NetName=NetD7_2 Pin=D8-1
Added Net: Name=NetD7_2
Added Pin To Net: NetName=NetD8_2 Pin=D8-2
Added Pin To Net: NetName=NetD8_2 Pin=D9-1
Added Net: Name=NetD8_2
Added Pin To Net: NetName=NetD9_2 Pin=D9-2
Added Pin To Net: NetName=NetD9_2 Pin=D10-1
Added Net: Name=NetD9_2
Added Pin To Net: NetName=NetD10_2 Pin=D10-2
Added Pin To Net: NetName=NetD10_2 Pin=D11-1
Added Net: Name=NetD10_2
Added Pin To Net: NetName=NetD11_2 Pin=D11-2
Added Pin To Net: NetName=NetD11_2 Pin=D12-1
Added Net: Name=NetD11_2
Added Pin To Net: NetName=NetD12_2 Pin=D12-2
Added Pin To Net: NetName=NetD12_2 Pin=D13-1
Added Net: Name=NetD12_2
Added Pin To Net: NetName=NetD13_2 Pin=D13-2
Added Pin To Net: NetName=NetD13_2 Pin=D14-1
Added Net: Name=NetD13_2
Added Pin To Net: NetName=NetD29_2 Pin=D29-2
Added Pin To Net: NetName=NetD29_2 Pin=D30-1
Added Net: Name=NetD29_2
Added Pin To Net: NetName=NetD30_2 Pin=D30-2
Added Pin To Net: NetName=NetD30_2 Pin=D31-1
Added Net: Name=NetD30_2
Added Pin To Net: NetName=NetD31_2 Pin=D31-2
Added Pin To Net: NetName=NetD31_2 Pin=D32-1
Added Net: Name=NetD31_2
Added Pin To Net: NetName=NetD32_2 Pin=D32-2
Added Pin To Net: NetName=NetD32_2 Pin=D33-1
Added Net: Name=NetD32_2
Added Pin To Net: NetName=NetD33_2 Pin=D33-2
Added Pin To Net: NetName=NetD33_2 Pin=D34-1
Added Net: Name=NetD33_2
Added Pin To Net: NetName=NetD34_2 Pin=D34-2
Added Pin To Net: NetName=NetD34_2 Pin=D35-1
Added Net: Name=NetD34_2
Added Pin To Net: NetName=NetD35_2 Pin=D35-2
Added Pin To Net: NetName=NetD35_2 Pin=D36-1
Added Net: Name=NetD35_2
Added Pin To Net: NetName=NetD36_2 Pin=D36-2
Added Pin To Net: NetName=NetD36_2 Pin=D37-1
Added Net: Name=NetD36_2
Added Pin To Net: NetName=NetD37_2 Pin=D37-2
Added Pin To Net: NetName=NetD37_2 Pin=D38-1
Added Net: Name=NetD37_2
Added Pin To Net: NetName=NetD38_2 Pin=D38-2
Added Pin To Net: NetName=NetD38_2 Pin=D39-1
Added Net: Name=NetD38_2
Added Pin To Net: NetName=NetD39_2 Pin=D39-2
Added Pin To Net: NetName=NetD39_2 Pin=D40-1
Added Net: Name=NetD39_2
Added Pin To Net: NetName=NetD40_2 Pin=D40-2
Added Pin To Net: NetName=NetD40_2 Pin=D41-1
Added Net: Name=NetD40_2
Added Pin To Net: NetName=NetD41_2 Pin=D41-2
Added Pin To Net: NetName=NetD41_2 Pin=D42-1
Added Net: Name=NetD41_2
Added Pin To Net: NetName=NetD43_2 Pin=D43-2
Added Pin To Net: NetName=NetD43_2 Pin=D44-1
Added Net: Name=NetD43_2
Added Pin To Net: NetName=NetD44_2 Pin=D44-2
Added Pin To Net: NetName=NetD44_2 Pin=D45-1
Added Net: Name=NetD44_2
Added Pin To Net: NetName=NetD45_2 Pin=D45-2
Added Pin To Net: NetName=NetD45_2 Pin=D46-1
Added Net: Name=NetD45_2
Added Pin To Net: NetName=NetD46_2 Pin=D46-2
Added Pin To Net: NetName=NetD46_2 Pin=D47-1
Added Net: Name=NetD46_2
Added Pin To Net: NetName=NetD47_2 Pin=D47-2
Added Pin To Net: NetName=NetD47_2 Pin=D48-1
Added Net: Name=NetD47_2
Added Pin To Net: NetName=NetD48_2 Pin=D48-2
Added Pin To Net: NetName=NetD48_2 Pin=D49-1
Added Net: Name=NetD48_2
Added Pin To Net: NetName=NetD49_2 Pin=D49-2
Added Pin To Net: NetName=NetD49_2 Pin=D50-1
Added Net: Name=NetD49_2
Added Pin To Net: NetName=NetD50_2 Pin=D50-2
Added Pin To Net: NetName=NetD50_2 Pin=D51-1
Added Net: Name=NetD50_2
Added Pin To Net: NetName=NetD51_2 Pin=D51-2
Added Pin To Net: NetName=NetD51_2 Pin=D52-1
Added Net: Name=NetD51_2
Added Pin To Net: NetName=NetD52_2 Pin=D52-2
Added Pin To Net: NetName=NetD52_2 Pin=D53-1
Added Net: Name=NetD52_2
Added Pin To Net: NetName=NetD53_2 Pin=D53-2
Added Pin To Net: NetName=NetD53_2 Pin=D54-1
Added Net: Name=NetD53_2
Added Pin To Net: NetName=NetD54_2 Pin=D54-2
Added Pin To Net: NetName=NetD54_2 Pin=D55-1
Added Net: Name=NetD54_2
Added Pin To Net: NetName=NetD55_2 Pin=D55-2
Added Pin To Net: NetName=NetD55_2 Pin=D56-1
Added Net: Name=NetD55_2
Added Pin To Net: NetName=NetD57_2 Pin=D57-2
Added Pin To Net: NetName=NetD57_2 Pin=D58-1
Added Net: Name=NetD57_2
Added Pin To Net: NetName=NetD58_2 Pin=D58-2
Added Pin To Net: NetName=NetD58_2 Pin=D59-1
Added Net: Name=NetD58_2
Added Pin To Net: NetName=NetD59_2 Pin=D59-2
Added Pin To Net: NetName=NetD59_2 Pin=D60-1
Added Net: Name=NetD59_2
Added Pin To Net: NetName=NetD60_2 Pin=D60-2
Added Pin To Net: NetName=NetD60_2 Pin=D61-1
Added Net: Name=NetD60_2
Added Pin To Net: NetName=NetD61_2 Pin=D61-2
Added Pin To Net: NetName=NetD61_2 Pin=D62-1
Added Net: Name=NetD61_2
Added Pin To Net: NetName=NetD62_2 Pin=D62-2
Added Pin To Net: NetName=NetD62_2 Pin=D63-1
Added Net: Name=NetD62_2
Added Pin To Net: NetName=NetD63_2 Pin=D63-2
Added Pin To Net: NetName=NetD63_2 Pin=D64-1
Added Net: Name=NetD63_2
Added Pin To Net: NetName=NetD64_2 Pin=D64-2
Added Pin To Net: NetName=NetD64_2 Pin=D65-1
Added Net: Name=NetD64_2
Added Pin To Net: NetName=NetD65_2 Pin=D65-2
Added Pin To Net: NetName=NetD65_2 Pin=D66-1
Added Net: Name=NetD65_2
Added Pin To Net: NetName=NetD66_2 Pin=D66-2
Added Pin To Net: NetName=NetD66_2 Pin=D67-1
Added Net: Name=NetD66_2
Added Pin To Net: NetName=NetD67_2 Pin=D67-2
Added Pin To Net: NetName=NetD67_2 Pin=D68-1
Added Net: Name=NetD67_2
Added Pin To Net: NetName=NetD68_2 Pin=D68-2
Added Pin To Net: NetName=NetD68_2 Pin=D69-1
Added Net: Name=NetD68_2
Added Pin To Net: NetName=NetD69_2 Pin=D69-2
Added Pin To Net: NetName=NetD69_2 Pin=D70-1
Added Net: Name=NetD69_2
Added Pin To Net: NetName=NetD71_2 Pin=D71-2
Added Pin To Net: NetName=NetD71_2 Pin=D72-1
Added Net: Name=NetD71_2
Added Pin To Net: NetName=NetD72_2 Pin=D72-2
Added Pin To Net: NetName=NetD72_2 Pin=D73-1
Added Net: Name=NetD72_2
Added Pin To Net: NetName=NetD73_2 Pin=D73-2
Added Pin To Net: NetName=NetD73_2 Pin=D74-1
Added Net: Name=NetD73_2
Added Pin To Net: NetName=NetD74_2 Pin=D74-2
Added Pin To Net: NetName=NetD74_2 Pin=D75-1
Added Net: Name=NetD74_2
Added Pin To Net: NetName=NetD75_2 Pin=D75-2
Added Pin To Net: NetName=NetD75_2 Pin=D76-1
Added Net: Name=NetD75_2
Added Pin To Net: NetName=NetD76_2 Pin=D76-2
Added Pin To Net: NetName=NetD76_2 Pin=D77-1
Added Net: Name=NetD76_2
Added Pin To Net: NetName=NetD77_2 Pin=D77-2
Added Pin To Net: NetName=NetD77_2 Pin=D78-1
Added Net: Name=NetD77_2
Added Pin To Net: NetName=NetD78_2 Pin=D78-2
Added Pin To Net: NetName=NetD78_2 Pin=D79-1
Added Net: Name=NetD78_2
Added Pin To Net: NetName=NetD79_2 Pin=D79-2
Added Pin To Net: NetName=NetD79_2 Pin=D80-1
Added Net: Name=NetD79_2
Added Pin To Net: NetName=NetD80_2 Pin=D80-2
Added Pin To Net: NetName=NetD80_2 Pin=D81-1
Added Net: Name=NetD80_2
Added Pin To Net: NetName=NetD81_2 Pin=D81-2
Added Pin To Net: NetName=NetD81_2 Pin=D82-1
Added Net: Name=NetD81_2
Added Pin To Net: NetName=NetD82_2 Pin=D82-2
Added Pin To Net: NetName=NetD82_2 Pin=D83-1
Added Net: Name=NetD82_2
Added Pin To Net: NetName=NetD83_2 Pin=D83-2
Added Pin To Net: NetName=NetD83_2 Pin=D84-1
Added Net: Name=NetD83_2
Added Pin To Net: NetName=NetD85_2 Pin=D85-2
Added Pin To Net: NetName=NetD85_2 Pin=D86-1
Added Net: Name=NetD85_2
Added Pin To Net: NetName=NetD86_2 Pin=D86-2
Added Pin To Net: NetName=NetD86_2 Pin=D87-1
Added Net: Name=NetD86_2
Added Pin To Net: NetName=NetD87_2 Pin=D87-2
Added Pin To Net: NetName=NetD87_2 Pin=D88-1
Added Net: Name=NetD87_2
Added Pin To Net: NetName=NetD88_2 Pin=D88-2
Added Pin To Net: NetName=NetD88_2 Pin=D89-1
Added Net: Name=NetD88_2
Added Pin To Net: NetName=NetD89_2 Pin=D89-2
Added Pin To Net: NetName=NetD89_2 Pin=D90-1
Added Net: Name=NetD89_2
Added Pin To Net: NetName=NetD90_2 Pin=D90-2
Added Pin To Net: NetName=NetD90_2 Pin=D91-1
Added Net: Name=NetD90_2
Added Pin To Net: NetName=NetD91_2 Pin=D91-2
Added Pin To Net: NetName=NetD91_2 Pin=D92-1
Added Net: Name=NetD91_2
Added Pin To Net: NetName=NetD92_2 Pin=D92-2
Added Pin To Net: NetName=NetD92_2 Pin=D93-1
Added Net: Name=NetD92_2
Added Pin To Net: NetName=NetD93_2 Pin=D93-2
Added Pin To Net: NetName=NetD93_2 Pin=D94-1
Added Net: Name=NetD93_2
Added Pin To Net: NetName=NetD94_2 Pin=D94-2
Added Pin To Net: NetName=NetD94_2 Pin=D95-1
Added Net: Name=NetD94_2
Added Pin To Net: NetName=NetD95_2 Pin=D95-2
Added Pin To Net: NetName=NetD95_2 Pin=D96-1
Added Net: Name=NetD95_2
Added Pin To Net: NetName=NetD96_2 Pin=D96-2
Added Pin To Net: NetName=NetD96_2 Pin=D97-1
Added Net: Name=NetD96_2
Added Pin To Net: NetName=NetD97_2 Pin=D97-2
Added Pin To Net: NetName=NetD97_2 Pin=D98-1
Added Net: Name=NetD97_2
Added Pin To Net: NetName=NetD99_2 Pin=D99-2
Added Pin To Net: NetName=NetD99_2 Pin=D100-1
Added Net: Name=NetD99_2
Added Pin To Net: NetName=NetD100_2 Pin=D100-2
Added Pin To Net: NetName=NetD100_2 Pin=D101-1
Added Net: Name=NetD100_2
Added Pin To Net: NetName=NetD101_2 Pin=D101-2
Added Pin To Net: NetName=NetD101_2 Pin=D102-1
Added Net: Name=NetD101_2
Added Pin To Net: NetName=NetD102_2 Pin=D102-2
Added Pin To Net: NetName=NetD102_2 Pin=D103-1
Added Net: Name=NetD102_2
Added Pin To Net: NetName=NetD103_2 Pin=D103-2
Added Pin To Net: NetName=NetD103_2 Pin=D104-1
Added Net: Name=NetD103_2
Added Pin To Net: NetName=NetD104_2 Pin=D104-2
Added Pin To Net: NetName=NetD104_2 Pin=D105-1
Added Net: Name=NetD104_2
Added Pin To Net: NetName=NetD105_2 Pin=D105-2
Added Pin To Net: NetName=NetD105_2 Pin=D106-1
Added Net: Name=NetD105_2
Added Pin To Net: NetName=NetD106_2 Pin=D106-2
Added Pin To Net: NetName=NetD106_2 Pin=D107-1
Added Net: Name=NetD106_2
Added Pin To Net: NetName=NetD107_2 Pin=D107-2
Added Pin To Net: NetName=NetD107_2 Pin=D108-1
Added Net: Name=NetD107_2
Added Pin To Net: NetName=NetD108_2 Pin=D108-2
Added Pin To Net: NetName=NetD108_2 Pin=D109-1
Added Net: Name=NetD108_2
Added Pin To Net: NetName=NetD109_2 Pin=D109-2
Added Pin To Net: NetName=NetD109_2 Pin=D110-1
Added Net: Name=NetD109_2
Added Pin To Net: NetName=NetD110_2 Pin=D110-2
Added Pin To Net: NetName=NetD110_2 Pin=D111-1
Added Net: Name=NetD110_2
Added Pin To Net: NetName=NetD111_2 Pin=D111-2
Added Pin To Net: NetName=NetD111_2 Pin=D112-1
Added Net: Name=NetD111_2
Added Member To Class: ClassName=IR180-19_5GF Member=Component D15 LED1206
Added Member To Class: ClassName=IR180-19_5GF Member=Component D16 LED1206
Added Member To Class: ClassName=IR180-19_5GF Member=Component D17 LED1206
Added Member To Class: ClassName=IR180-19_5GF Member=Component D18 LED1206
Added Member To Class: ClassName=IR180-19_5GF Member=Component D19 LED1206
Added Member To Class: ClassName=IR180-19_5GF Member=Component D20 LED1206
Added Member To Class: ClassName=IR180-19_5GF Member=Component D21 LED1206
Added Member To Class: ClassName=IR180-19_5GF Member=Component D22 LED1206
Added Member To Class: ClassName=IR180-19_5GF Member=Component D23 LED1206
Added Member To Class: ClassName=IR180-19_5GF Member=Component D24 LED1206
Added Member To Class: ClassName=IR180-19_5GF Member=Component D25 LED1206
Added Member To Class: ClassName=IR180-19_5GF Member=Component D26 LED1206
Added Member To Class: ClassName=IR180-19_5GF Member=Component D27 LED1206
Added Member To Class: ClassName=IR180-19_5GF Member=Component D28 LED1206
Added Member To Class: ClassName=IR180-19_5GF Member=Component D29 LED1206
Added Member To Class: ClassName=IR180-19_5GF Member=Component D30 LED1206
Added Member To Class: ClassName=IR180-19_5GF Member=Component D31 LED1206
Added Member To Class: ClassName=IR180-19_5GF Member=Component D32 LED1206
Added Member To Class: ClassName=IR180-19_5GF Member=Component D33 LED1206
Added Member To Class: ClassName=IR180-19_5GF Member=Component D34 LED1206
Added Member To Class: ClassName=IR180-19_5GF Member=Component D35 LED1206
Added Member To Class: ClassName=IR180-19_5GF Member=Component D36 LED1206
Added Member To Class: ClassName=IR180-19_5GF Member=Component D37 LED1206
Added Member To Class: ClassName=IR180-19_5GF Member=Component D38 LED1206
Added Member To Class: ClassName=IR180-19_5GF Member=Component D39 LED1206
Added Member To Class: ClassName=IR180-19_5GF Member=Component D40 LED1206
Added Member To Class: ClassName=IR180-19_5GF Member=Component D41 LED1206
Added Member To Class: ClassName=IR180-19_5GF Member=Component D42 LED1206
Added Member To Class: ClassName=IR180-19_5GF Member=Component D43 LED1206
Added Member To Class: ClassName=IR180-19_5GF Member=Component D44 LED1206
Added Member To Class: ClassName=IR180-19_5GF Member=Component D45 LED1206
Added Member To Class: ClassName=IR180-19_5GF Member=Component D46 LED1206
Added Member To Class: ClassName=IR180-19_5GF Member=Component D47 LED1206
Added Member To Class: ClassName=IR180-19_5GF Member=Component D48 LED1206
Added Member To Class: ClassName=IR180-19_5GF Member=Component D49 LED1206
Added Member To Class: ClassName=IR180-19_5GF Member=Component D50 LED1206
Added Member To Class: ClassName=IR180-19_5GF Member=Component D51 LED1206
Added Member To Class: ClassName=IR180-19_5GF Member=Component D52 LED1206
Added Member To Class: ClassName=IR180-19_5GF Member=Component D53 LED1206
Added Member To Class: ClassName=IR180-19_5GF Member=Component D54 LED1206
Added Member To Class: ClassName=IR180-19_5GF Member=Component D55 LED1206
Added Member To Class: ClassName=IR180-19_5GF Member=Component D56 LED1206
Added Member To Class: ClassName=IR180-19_5GF Member=Component D57 LED1206
Added Member To Class: ClassName=IR180-19_5GF Member=Component D58 LED1206
Added Member To Class: ClassName=IR180-19_5GF Member=Component D59 LED1206
Added Member To Class: ClassName=IR180-19_5GF Member=Component D60 LED1206
Added Member To Class: ClassName=IR180-19_5GF Member=Component D61 LED1206
Added Member To Class: ClassName=IR180-19_5GF Member=Component D62 LED1206
Added Member To Class: ClassName=IR180-19_5GF Member=Component D63 LED1206
Added Member To Class: ClassName=IR180-19_5GF Member=Component D64 LED1206
Added Member To Class: ClassName=IR180-19_5GF Member=Component D65 LED1206
Added Member To Class: ClassName=IR180-19_5GF Member=Component D66 LED1206
Added Member To Class: ClassName=IR180-19_5GF Member=Component D67 LED1206
Added Member To Class: ClassName=IR180-19_5GF Member=Component D68 LED1206
Added Member To Class: ClassName=IR180-19_5GF Member=Component D69 LED1206
Added Member To Class: ClassName=IR180-19_5GF Member=Component D70 LED1206
Added Member To Class: ClassName=IR180-19_5GF Member=Component D71 LED1206
Added Member To Class: ClassName=IR180-19_5GF Member=Component D72 LED1206
Added Member To Class: ClassName=IR180-19_5GF Member=Component D73 LED1206
Added Member To Class: ClassName=IR180-19_5GF Member=Component D74 LED1206
Added Member To Class: ClassName=IR180-19_5GF Member=Component D75 LED1206
Added Member To Class: ClassName=IR180-19_5GF Member=Component D76 LED1206
Added Member To Class: ClassName=IR180-19_5GF Member=Component D77 LED1206
Added Member To Class: ClassName=IR180-19_5GF Member=Component D78 LED1206
Added Member To Class: ClassName=IR180-19_5GF Member=Component D79 LED1206
Added Member To Class: ClassName=IR180-19_5GF Member=Component D80 LED1206
Added Member To Class: ClassName=IR180-19_5GF Member=Component D81 LED1206
Added Member To Class: ClassName=IR180-19_5GF Member=Component D82 LED1206
Added Member To Class: ClassName=IR180-19_5GF Member=Component D83 LED1206
Added Member To Class: ClassName=IR180-19_5GF Member=Component D84 LED1206
Added Member To Class: ClassName=IR180-19_5GF Member=Component D85 LED1206
Added Member To Class: ClassName=IR180-19_5GF Member=Component D86 LED1206
Added Member To Class: ClassName=IR180-19_5GF Member=Component D87 LED1206
Added Member To Class: ClassName=IR180-19_5GF Member=Component D88 LED1206
Added Member To Class: ClassName=IR180-19_5GF Member=Component D89 LED1206
Added Member To Class: ClassName=IR180-19_5GF Member=Component D90 LED1206
Added Member To Class: ClassName=IR180-19_5GF Member=Component D91 LED1206
Added Member To Class: ClassName=IR180-19_5GF Member=Component D92 LED1206
Added Member To Class: ClassName=IR180-19_5GF Member=Component D93 LED1206
Added Member To Class: ClassName=IR180-19_5GF Member=Component D94 LED1206
Added Member To Class: ClassName=IR180-19_5GF Member=Component D95 LED1206
Added Member To Class: ClassName=IR180-19_5GF Member=Component D96 LED1206
Added Member To Class: ClassName=IR180-19_5GF Member=Component D97 LED1206
Added Member To Class: ClassName=IR180-19_5GF Member=Component D98 LED1206
Added Member To Class: ClassName=IR180-19_5GF Member=Component D99 LED1206
Added Member To Class: ClassName=IR180-19_5GF Member=Component D100 LED1206
Added Member To Class: ClassName=IR180-19_5GF Member=Component D101 LED1206
Added Member To Class: ClassName=IR180-19_5GF Member=Component D102 LED1206
Added Member To Class: ClassName=IR180-19_5GF Member=Component D103 LED1206
Added Member To Class: ClassName=IR180-19_5GF Member=Component D104 LED1206
Added Member To Class: ClassName=IR180-19_5GF Member=Component D105 LED1206
Added Member To Class: ClassName=IR180-19_5GF Member=Component D106 LED1206
Added Member To Class: ClassName=IR180-19_5GF Member=Component D107 LED1206
Added Member To Class: ClassName=IR180-19_5GF Member=Component D108 LED1206
Added Member To Class: ClassName=IR180-19_5GF Member=Component D109 LED1206
Added Member To Class: ClassName=IR180-19_5GF Member=Component D110 LED1206
Added Member To Class: ClassName=IR180-19_5GF Member=Component D111 LED1206
Added Member To Class: ClassName=IR180-19_5GF Member=Component D112 LED1206
Added Room: Name=IR180-19_5GF
