Added Component: Designator=D1(LED 1206R)
Add component. Clean all parameters for all variants
Added Component: Designator=D2(LED 1206R)
Add component. Clean all parameters for all variants
Added Component: Designator=D3(LED 1206R)
Add component. Clean all parameters for all variants
Added Component: Designator=D4(LED 1206R)
Add component. Clean all parameters for all variants
Added Component: Designator=D5(LED 1206R)
Add component. Clean all parameters for all variants
Added Component: Designator=D6(LED 1206R)
Add component. Clean all parameters for all variants
Added Component: Designator=D7(LED 1206R)
Add component. Clean all parameters for all variants
Added Component: Designator=D8(LED 1206R)
Add component. Clean all parameters for all variants
Added Component: Designator=D9(LED 1206R)
Add component. Clean all parameters for all variants
Added Component: Designator=D10(LED 1206R)
Add component. Clean all parameters for all variants
Added Component: Designator=D11(LED 1206R)
Add component. Clean all parameters for all variants
Added Component: Designator=D12(LED 1206R)
Add component. Clean all parameters for all variants
Added Component: Designator=D13(LED 1206R)
Add component. Clean all parameters for all variants
Added Component: Designator=D14(LED 1206R)
Add component. Clean all parameters for all variants
Added Component: Designator=D15(LED 1206R)
Add component. Clean all parameters for all variants
Added Component: Designator=D16(LED 1206R)
Add component. Clean all parameters for all variants
Added Component: Designator=D17(LED 1206R)
Add component. Clean all parameters for all variants
Added Component: Designator=D18(LED 1206R)
Add component. Clean all parameters for all variants
Added Component: Designator=D19(LED 1206R)
Add component. Clean all parameters for all variants
Added Component: Designator=D20(LED 1206R)
Add component. Clean all parameters for all variants
Added Component: Designator=D21(LED 1206R)
Add component. Clean all parameters for all variants
Added Component: Designator=D22(LED 1206R)
Add component. Clean all parameters for all variants
Added Component: Designator=D23(LED 1206R)
Add component. Clean all parameters for all variants
Added Component: Designator=D24(LED 1206R)
Add component. Clean all parameters for all variants
Added Component: Designator=D25(LED 1206R)
Add component. Clean all parameters for all variants
Added Component: Designator=D26(LED 1206R)
Add component. Clean all parameters for all variants
Added Component: Designator=D27(LED 1206R)
Add component. Clean all parameters for all variants
Added Component: Designator=D28(LED 1206R)
Add component. Clean all parameters for all variants
Added Component: Designator=D29(LED 1206R)
Add component. Clean all parameters for all variants
Added Component: Designator=D30(LED 1206R)
Add component. Clean all parameters for all variants
Added Component: Designator=D31(LED 1206R)
Add component. Clean all parameters for all variants
Added Component: Designator=D32(LED 1206R)
Add component. Clean all parameters for all variants
Added Component: Designator=D33(LED 1206R)
Add component. Clean all parameters for all variants
Added Component: Designator=D34(LED 1206R)
Add component. Clean all parameters for all variants
Added Component: Designator=D35(LED 1206R)
Add component. Clean all parameters for all variants
Added Component: Designator=D36(LED 1206R)
Add component. Clean all parameters for all variants
Added Component: Designator=D37(LED 1206R)
Add component. Clean all parameters for all variants
Added Component: Designator=D38(LED 1206R)
Add component. Clean all parameters for all variants
Added Component: Designator=D39(LED 1206R)
Add component. Clean all parameters for all variants
Added Component: Designator=D40(LED 1206R)
Add component. Clean all parameters for all variants
Added Component: Designator=D41(LED 1206R)
Add component. Clean all parameters for all variants
Added Component: Designator=D42(LED 1206R)
Add component. Clean all parameters for all variants
Added Component: Designator=D43(LED 1206R)
Add component. Clean all parameters for all variants
Added Component: Designator=D44(LED 1206R)
Add component. Clean all parameters for all variants
Added Component: Designator=D45(LED 1206R)
Add component. Clean all parameters for all variants
Added Component: Designator=D46(LED 1206R)
Add component. Clean all parameters for all variants
Added Component: Designator=D47(LED 1206R)
Add component. Clean all parameters for all variants
Added Component: Designator=D48(LED 1206R)
Add component. Clean all parameters for all variants
Added Component: Designator=D49(LED 1206R)
Add component. Clean all parameters for all variants
Added Component: Designator=D50(LED 1206R)
Add component. Clean all parameters for all variants
Added Component: Designator=D51(LED 1206R)
Add component. Clean all parameters for all variants
Added Component: Designator=D52(LED 1206R)
Add component. Clean all parameters for all variants
Added Component: Designator=D53(LED 1206R)
Add component. Clean all parameters for all variants
Added Component: Designator=D54(LED 1206R)
Add component. Clean all parameters for all variants
Added Component: Designator=D55(LED 1206R)
Add component. Clean all parameters for all variants
Added Component: Designator=D56(LED 1206R)
Add component. Clean all parameters for all variants
Added Component: Designator=D57(LED 1206R)
Add component. Clean all parameters for all variants
Added Component: Designator=D58(LED 1206R)
Add component. Clean all parameters for all variants
Added Component: Designator=D59(LED 1206R)
Add component. Clean all parameters for all variants
Added Component: Designator=D60(LED 1206R)
Add component. Clean all parameters for all variants
Added Component: Designator=D61(LED 1206R)
Add component. Clean all parameters for all variants
Added Component: Designator=D62(LED 1206R)
Add component. Clean all parameters for all variants
Added Component: Designator=D63(LED 1206R)
Add component. Clean all parameters for all variants
Added Component: Designator=D64(LED 1206R)
Add component. Clean all parameters for all variants
Added Component: Designator=D65(LED 1206R)
Add component. Clean all parameters for all variants
Added Component: Designator=D66(LED 1206R)
Add component. Clean all parameters for all variants
Added Component: Designator=D67(LED 1206R)
Add component. Clean all parameters for all variants
Added Component: Designator=D68(LED 1206R)
Add component. Clean all parameters for all variants
Added Component: Designator=D69(LED 1206R)
Add component. Clean all parameters for all variants
Added Component: Designator=D70(LED 1206R)
Add component. Clean all parameters for all variants
Added Component: Designator=D71(LED 1206R)
Add component. Clean all parameters for all variants
Added Component: Designator=D72(LED 1206R)
Add component. Clean all parameters for all variants
Added Component: Designator=D73(LED 1206R)
Add component. Clean all parameters for all variants
Added Component: Designator=D74(LED 1206R)
Add component. Clean all parameters for all variants
Added Component: Designator=D75(LED 1206R)
Add component. Clean all parameters for all variants
Added Component: Designator=D76(LED 1206R)
Add component. Clean all parameters for all variants
Added Component: Designator=D77(LED 1206R)
Add component. Clean all parameters for all variants
Added Component: Designator=D78(LED 1206R)
Add component. Clean all parameters for all variants
Added Component: Designator=D79(LED 1206R)
Add component. Clean all parameters for all variants
Added Component: Designator=D80(LED 1206R)
Add component. Clean all parameters for all variants
Added Component: Designator=D81(LED 1206R)
Add component. Clean all parameters for all variants
Added Component: Designator=D82(LED 1206R)
Add component. Clean all parameters for all variants
Added Component: Designator=D83(LED 1206R)
Add component. Clean all parameters for all variants
Added Component: Designator=D84(LED 1206R)
Add component. Clean all parameters for all variants
Added Component: Designator=D85(LED 1206R)
Add component. Clean all parameters for all variants
Added Component: Designator=D86(LED 1206R)
Add component. Clean all parameters for all variants
Added Component: Designator=D87(LED 1206R)
Add component. Clean all parameters for all variants
Added Component: Designator=D88(LED 1206R)
Add component. Clean all parameters for all variants
Added Component: Designator=D89(LED 1206R)
Add component. Clean all parameters for all variants
Added Component: Designator=D90(LED 1206R)
Add component. Clean all parameters for all variants
Added Component: Designator=D91(LED 1206R)
Add component. Clean all parameters for all variants
Added Component: Designator=D92(LED 1206R)
Add component. Clean all parameters for all variants
Added Component: Designator=D93(LED 1206R)
Add component. Clean all parameters for all variants
Added Component: Designator=D94(LED 1206R)
Add component. Clean all parameters for all variants
Added Component: Designator=D95(LED 1206R)
Add component. Clean all parameters for all variants
Added Component: Designator=D96(LED 1206R)
Add component. Clean all parameters for all variants
Added Component: Designator=D97(LED 1206R)
Add component. Clean all parameters for all variants
Added Component: Designator=D98(LED 1206R)
Add component. Clean all parameters for all variants
Added Component: Designator=D99(LED 1206R)
Add component. Clean all parameters for all variants
Added Component: Designator=D100(LED 1206R)
Add component. Clean all parameters for all variants
Added Component: Designator=D101(LED 1206R)
Add component. Clean all parameters for all variants
Added Component: Designator=D102(LED 1206R)
Add component. Clean all parameters for all variants
Added Component: Designator=D103(LED 1206R)
Add component. Clean all parameters for all variants
Added Component: Designator=D104(LED 1206R)
Add component. Clean all parameters for all variants
Added Component: Designator=D105(LED 1206R)
Add component. Clean all parameters for all variants
Added Component: Designator=D106(LED 1206R)
Add component. Clean all parameters for all variants
Added Component: Designator=D107(LED 1206R)
Add component. Clean all parameters for all variants
Added Component: Designator=D108(LED 1206R)
Add component. Clean all parameters for all variants
Added Component: Designator=D109(LED 1206R)
Add component. Clean all parameters for all variants
Added Component: Designator=D110(LED 1206R)
Add component. Clean all parameters for all variants
Added Component: Designator=D111(LED 1206R)
Add component. Clean all parameters for all variants
Added Component: Designator=D112(LED 1206R)
Add component. Clean all parameters for all variants
Added Pin To Net: NetName=VCC Pin=D1-1
Added Pin To Net: NetName=NetD1_2 Pin=D1-2
Added Pin To Net: NetName=NetD1_2 Pin=D2-1
Added Pin To Net: NetName=NetD2_2 Pin=D2-2
Added Pin To Net: NetName=NetD2_2 Pin=D3-1
Added Pin To Net: NetName=NetD3_2 Pin=D3-2
Added Pin To Net: NetName=NetD3_2 Pin=D4-1
Added Pin To Net: NetName=NetD4_2 Pin=D4-2
Added Pin To Net: NetName=NetD4_2 Pin=D5-1
Added Pin To Net: NetName=NetD5_2 Pin=D5-2
Added Pin To Net: NetName=NetD5_2 Pin=D6-1
Added Pin To Net: NetName=NetD6_2 Pin=D6-2
Added Pin To Net: NetName=NetD6_2 Pin=D7-1
Added Pin To Net: NetName=NetD7_2 Pin=D7-2
Added Pin To Net: NetName=NetD7_2 Pin=D8-1
Added Pin To Net: NetName=NetD8_2 Pin=D8-2
Added Pin To Net: NetName=NetD8_2 Pin=D9-1
Added Pin To Net: NetName=NetD9_2 Pin=D9-2
Added Pin To Net: NetName=NetD9_2 Pin=D10-1
Added Pin To Net: NetName=NetD10_2 Pin=D10-2
Added Pin To Net: NetName=NetD10_2 Pin=D11-1
Added Pin To Net: NetName=NetD11_2 Pin=D11-2
Added Pin To Net: NetName=NetD11_2 Pin=D12-1
Added Pin To Net: NetName=NetD12_2 Pin=D12-2
Added Pin To Net: NetName=NetD12_2 Pin=D13-1
Added Pin To Net: NetName=NetD13_2 Pin=D13-2
Added Pin To Net: NetName=NetD13_2 Pin=D14-1
Added Pin To Net: NetName=GND Pin=D14-2
Added Pin To Net: NetName=VCC Pin=D15-1
Added Pin To Net: NetName=NetD15_2 Pin=D15-2
Added Pin To Net: NetName=NetD15_2 Pin=D16-1
Added Pin To Net: NetName=NetD16_2 Pin=D16-2
Added Pin To Net: NetName=NetD16_2 Pin=D17-1
Added Pin To Net: NetName=NetD17_2 Pin=D17-2
Added Pin To Net: NetName=NetD17_2 Pin=D18-1
Added Pin To Net: NetName=NetD18_2 Pin=D18-2
Added Pin To Net: NetName=NetD18_2 Pin=D19-1
Added Pin To Net: NetName=NetD19_2 Pin=D19-2
Added Pin To Net: NetName=NetD19_2 Pin=D20-1
Added Pin To Net: NetName=NetD20_2 Pin=D20-2
Added Pin To Net: NetName=NetD20_2 Pin=D21-1
Added Pin To Net: NetName=NetD21_2 Pin=D21-2
Added Pin To Net: NetName=NetD21_2 Pin=D22-1
Added Pin To Net: NetName=NetD22_2 Pin=D22-2
Added Pin To Net: NetName=NetD22_2 Pin=D23-1
Added Pin To Net: NetName=NetD23_2 Pin=D23-2
Added Pin To Net: NetName=NetD23_2 Pin=D24-1
Added Pin To Net: NetName=NetD24_2 Pin=D24-2
Added Pin To Net: NetName=NetD24_2 Pin=D25-1
Added Pin To Net: NetName=NetD25_2 Pin=D25-2
Added Pin To Net: NetName=NetD25_2 Pin=D26-1
Added Pin To Net: NetName=NetD26_2 Pin=D26-2
Added Pin To Net: NetName=NetD26_2 Pin=D27-1
Added Pin To Net: NetName=NetD27_2 Pin=D27-2
Added Pin To Net: NetName=NetD27_2 Pin=D28-1
Added Pin To Net: NetName=GND Pin=D28-2
Added Pin To Net: NetName=VCC Pin=D29-1
Added Pin To Net: NetName=NetD29_2 Pin=D29-2
Added Pin To Net: NetName=NetD29_2 Pin=D30-1
Added Pin To Net: NetName=NetD30_2 Pin=D30-2
Added Pin To Net: NetName=NetD30_2 Pin=D31-1
Added Pin To Net: NetName=NetD31_2 Pin=D31-2
Added Pin To Net: NetName=NetD31_2 Pin=D32-1
Added Pin To Net: NetName=NetD32_2 Pin=D32-2
Added Pin To Net: NetName=NetD32_2 Pin=D33-1
Added Pin To Net: NetName=NetD33_2 Pin=D33-2
Added Pin To Net: NetName=NetD33_2 Pin=D34-1
Added Pin To Net: NetName=NetD34_2 Pin=D34-2
Added Pin To Net: NetName=NetD34_2 Pin=D35-1
Added Pin To Net: NetName=NetD35_2 Pin=D35-2
Added Pin To Net: NetName=NetD35_2 Pin=D36-1
Added Pin To Net: NetName=NetD36_2 Pin=D36-2
Added Pin To Net: NetName=NetD36_2 Pin=D37-1
Added Pin To Net: NetName=NetD37_2 Pin=D37-2
Added Pin To Net: NetName=NetD37_2 Pin=D38-1
Added Pin To Net: NetName=NetD38_2 Pin=D38-2
Added Pin To Net: NetName=NetD38_2 Pin=D39-1
Added Pin To Net: NetName=NetD39_2 Pin=D39-2
Added Pin To Net: NetName=NetD39_2 Pin=D40-1
Added Pin To Net: NetName=NetD40_2 Pin=D40-2
Added Pin To Net: NetName=NetD40_2 Pin=D41-1
Added Pin To Net: NetName=NetD41_2 Pin=D41-2
Added Pin To Net: NetName=NetD41_2 Pin=D42-1
Added Pin To Net: NetName=GND Pin=D42-2
Added Pin To Net: NetName=VCC Pin=D43-1
Added Pin To Net: NetName=NetD43_2 Pin=D43-2
Added Pin To Net: NetName=NetD43_2 Pin=D44-1
Added Pin To Net: NetName=NetD44_2 Pin=D44-2
Added Pin To Net: NetName=NetD44_2 Pin=D45-1
Added Pin To Net: NetName=NetD45_2 Pin=D45-2
Added Pin To Net: NetName=NetD45_2 Pin=D46-1
Added Pin To Net: NetName=NetD46_2 Pin=D46-2
Added Pin To Net: NetName=NetD46_2 Pin=D47-1
Added Pin To Net: NetName=NetD47_2 Pin=D47-2
Added Pin To Net: NetName=NetD47_2 Pin=D48-1
Added Pin To Net: NetName=NetD48_2 Pin=D48-2
Added Pin To Net: NetName=NetD48_2 Pin=D49-1
Added Pin To Net: NetName=NetD49_2 Pin=D49-2
Added Pin To Net: NetName=NetD49_2 Pin=D50-1
Added Pin To Net: NetName=NetD50_2 Pin=D50-2
Added Pin To Net: NetName=NetD50_2 Pin=D51-1
Added Pin To Net: NetName=NetD51_2 Pin=D51-2
Added Pin To Net: NetName=NetD51_2 Pin=D52-1
Added Pin To Net: NetName=NetD52_2 Pin=D52-2
Added Pin To Net: NetName=NetD52_2 Pin=D53-1
Added Pin To Net: NetName=NetD53_2 Pin=D53-2
Added Pin To Net: NetName=NetD53_2 Pin=D54-1
Added Pin To Net: NetName=NetD54_2 Pin=D54-2
Added Pin To Net: NetName=NetD54_2 Pin=D55-1
Added Pin To Net: NetName=NetD55_2 Pin=D55-2
Added Pin To Net: NetName=NetD55_2 Pin=D56-1
Added Pin To Net: NetName=GND Pin=D56-2
Added Pin To Net: NetName=VCC Pin=D57-1
Added Pin To Net: NetName=NetD57_2 Pin=D57-2
Added Pin To Net: NetName=NetD57_2 Pin=D58-1
Added Pin To Net: NetName=NetD58_2 Pin=D58-2
Added Pin To Net: NetName=NetD58_2 Pin=D59-1
Added Pin To Net: NetName=NetD59_2 Pin=D59-2
Added Pin To Net: NetName=NetD59_2 Pin=D60-1
Added Pin To Net: NetName=NetD60_2 Pin=D60-2
Added Pin To Net: NetName=NetD60_2 Pin=D61-1
Added Pin To Net: NetName=NetD61_2 Pin=D61-2
Added Pin To Net: NetName=NetD61_2 Pin=D62-1
Added Pin To Net: NetName=NetD62_2 Pin=D62-2
Added Pin To Net: NetName=NetD62_2 Pin=D63-1
Added Pin To Net: NetName=NetD63_2 Pin=D63-2
Added Pin To Net: NetName=NetD63_2 Pin=D64-1
Added Pin To Net: NetName=NetD64_2 Pin=D64-2
Added Pin To Net: NetName=NetD64_2 Pin=D65-1
Added Pin To Net: NetName=NetD65_2 Pin=D65-2
Added Pin To Net: NetName=NetD65_2 Pin=D66-1
Added Pin To Net: NetName=NetD66_2 Pin=D66-2
Added Pin To Net: NetName=NetD66_2 Pin=D67-1
Added Pin To Net: NetName=NetD67_2 Pin=D67-2
Added Pin To Net: NetName=NetD67_2 Pin=D68-1
Added Pin To Net: NetName=NetD68_2 Pin=D68-2
Added Pin To Net: NetName=NetD68_2 Pin=D69-1
Added Pin To Net: NetName=NetD69_2 Pin=D69-2
Added Pin To Net: NetName=NetD69_2 Pin=D70-1
Added Pin To Net: NetName=GND Pin=D70-2
Added Pin To Net: NetName=VCC Pin=D71-1
Added Pin To Net: NetName=NetD71_2 Pin=D71-2
Added Pin To Net: NetName=NetD71_2 Pin=D72-1
Added Pin To Net: NetName=NetD72_2 Pin=D72-2
Added Pin To Net: NetName=NetD72_2 Pin=D73-1
Added Pin To Net: NetName=NetD73_2 Pin=D73-2
Added Pin To Net: NetName=NetD73_2 Pin=D74-1
Added Pin To Net: NetName=NetD74_2 Pin=D74-2
Added Pin To Net: NetName=NetD74_2 Pin=D75-1
Added Pin To Net: NetName=NetD75_2 Pin=D75-2
Added Pin To Net: NetName=NetD75_2 Pin=D76-1
Added Pin To Net: NetName=NetD76_2 Pin=D76-2
Added Pin To Net: NetName=NetD76_2 Pin=D77-1
Added Pin To Net: NetName=NetD77_2 Pin=D77-2
Added Pin To Net: NetName=NetD77_2 Pin=D78-1
Added Pin To Net: NetName=NetD78_2 Pin=D78-2
Added Pin To Net: NetName=NetD78_2 Pin=D79-1
Added Pin To Net: NetName=NetD79_2 Pin=D79-2
Added Pin To Net: NetName=NetD79_2 Pin=D80-1
Added Pin To Net: NetName=NetD80_2 Pin=D80-2
Added Pin To Net: NetName=NetD80_2 Pin=D81-1
Added Pin To Net: NetName=NetD81_2 Pin=D81-2
Added Pin To Net: NetName=NetD81_2 Pin=D82-1
Added Pin To Net: NetName=NetD82_2 Pin=D82-2
Added Pin To Net: NetName=NetD82_2 Pin=D83-1
Added Pin To Net: NetName=NetD83_2 Pin=D83-2
Added Pin To Net: NetName=NetD83_2 Pin=D84-1
Added Pin To Net: NetName=GND Pin=D84-2
Added Pin To Net: NetName=VCC Pin=D85-1
Added Pin To Net: NetName=NetD85_2 Pin=D85-2
Added Pin To Net: NetName=NetD85_2 Pin=D86-1
Added Pin To Net: NetName=NetD86_2 Pin=D86-2
Added Pin To Net: NetName=NetD86_2 Pin=D87-1
Added Pin To Net: NetName=NetD87_2 Pin=D87-2
Added Pin To Net: NetName=NetD87_2 Pin=D88-1
Added Pin To Net: NetName=NetD88_2 Pin=D88-2
Added Pin To Net: NetName=NetD88_2 Pin=D89-1
Added Pin To Net: NetName=NetD89_2 Pin=D89-2
Added Pin To Net: NetName=NetD89_2 Pin=D90-1
Added Pin To Net: NetName=NetD90_2 Pin=D90-2
Added Pin To Net: NetName=NetD90_2 Pin=D91-1
Added Pin To Net: NetName=NetD91_2 Pin=D91-2
Added Pin To Net: NetName=NetD91_2 Pin=D92-1
Added Pin To Net: NetName=NetD92_2 Pin=D92-2
Added Pin To Net: NetName=NetD92_2 Pin=D93-1
Added Pin To Net: NetName=NetD93_2 Pin=D93-2
Added Pin To Net: NetName=NetD93_2 Pin=D94-1
Added Pin To Net: NetName=NetD94_2 Pin=D94-2
Added Pin To Net: NetName=NetD94_2 Pin=D95-1
Added Pin To Net: NetName=NetD95_2 Pin=D95-2
Added Pin To Net: NetName=NetD95_2 Pin=D96-1
Added Pin To Net: NetName=NetD96_2 Pin=D96-2
Added Pin To Net: NetName=NetD96_2 Pin=D97-1
Added Pin To Net: NetName=NetD97_2 Pin=D97-2
Added Pin To Net: NetName=NetD97_2 Pin=D98-1
Added Pin To Net: NetName=GND Pin=D98-2
Added Pin To Net: NetName=VCC Pin=D99-1
Added Pin To Net: NetName=NetD99_2 Pin=D99-2
Added Pin To Net: NetName=NetD99_2 Pin=D100-1
Added Pin To Net: NetName=NetD100_2 Pin=D100-2
Added Pin To Net: NetName=NetD100_2 Pin=D101-1
Added Pin To Net: NetName=NetD101_2 Pin=D101-2
Added Pin To Net: NetName=NetD101_2 Pin=D102-1
Added Pin To Net: NetName=NetD102_2 Pin=D102-2
Added Pin To Net: NetName=NetD102_2 Pin=D103-1
Added Pin To Net: NetName=NetD103_2 Pin=D103-2
Added Pin To Net: NetName=NetD103_2 Pin=D104-1
Added Pin To Net: NetName=NetD104_2 Pin=D104-2
Added Pin To Net: NetName=NetD104_2 Pin=D105-1
Added Pin To Net: NetName=NetD105_2 Pin=D105-2
Added Pin To Net: NetName=NetD105_2 Pin=D106-1
Added Pin To Net: NetName=NetD106_2 Pin=D106-2
Added Pin To Net: NetName=NetD106_2 Pin=D107-1
Added Pin To Net: NetName=NetD107_2 Pin=D107-2
Added Pin To Net: NetName=NetD107_2 Pin=D108-1
Added Pin To Net: NetName=NetD108_2 Pin=D108-2
Added Pin To Net: NetName=NetD108_2 Pin=D109-1
Added Pin To Net: NetName=NetD109_2 Pin=D109-2
Added Pin To Net: NetName=NetD109_2 Pin=D110-1
Added Pin To Net: NetName=NetD110_2 Pin=D110-2
Added Pin To Net: NetName=NetD110_2 Pin=D111-1
Added Pin To Net: NetName=NetD111_2 Pin=D111-2
Added Pin To Net: NetName=NetD111_2 Pin=D112-1
Added Pin To Net: NetName=GND Pin=D112-2
Added Member To Class: ClassName=IR180-19_5GF Member=Component D1 IRLED2835
Added Member To Class: ClassName=IR180-19_5GF Member=Component D2 IRLED2835
Added Member To Class: ClassName=IR180-19_5GF Member=Component D3 IRLED2835
Added Member To Class: ClassName=IR180-19_5GF Member=Component D4 IRLED2835
Added Member To Class: ClassName=IR180-19_5GF Member=Component D5 IRLED2835
Added Member To Class: ClassName=IR180-19_5GF Member=Component D6 IRLED2835
Added Member To Class: ClassName=IR180-19_5GF Member=Component D7 IRLED2835
Added Member To Class: ClassName=IR180-19_5GF Member=Component D8 IRLED2835
Added Member To Class: ClassName=IR180-19_5GF Member=Component D9 IRLED2835
Added Member To Class: ClassName=IR180-19_5GF Member=Component D10 IRLED2835
Added Member To Class: ClassName=IR180-19_5GF Member=Component D11 IRLED2835
Added Member To Class: ClassName=IR180-19_5GF Member=Component D12 IRLED2835
Added Member To Class: ClassName=IR180-19_5GF Member=Component D13 IRLED2835
Added Member To Class: ClassName=IR180-19_5GF Member=Component D14 IRLED2835
Added Member To Class: ClassName=IR180-19_5GF Member=Component D15 IRLED2835
Added Member To Class: ClassName=IR180-19_5GF Member=Component D16 IRLED2835
Added Member To Class: ClassName=IR180-19_5GF Member=Component D17 IRLED2835
Added Member To Class: ClassName=IR180-19_5GF Member=Component D18 IRLED2835
Added Member To Class: ClassName=IR180-19_5GF Member=Component D19 IRLED2835
Added Member To Class: ClassName=IR180-19_5GF Member=Component D20 IRLED2835
Added Member To Class: ClassName=IR180-19_5GF Member=Component D21 IRLED2835
Added Member To Class: ClassName=IR180-19_5GF Member=Component D22 IRLED2835
Added Member To Class: ClassName=IR180-19_5GF Member=Component D23 IRLED2835
Added Member To Class: ClassName=IR180-19_5GF Member=Component D24 IRLED2835
Added Member To Class: ClassName=IR180-19_5GF Member=Component D25 IRLED2835
Added Member To Class: ClassName=IR180-19_5GF Member=Component D26 IRLED2835
Added Member To Class: ClassName=IR180-19_5GF Member=Component D27 IRLED2835
Added Member To Class: ClassName=IR180-19_5GF Member=Component D28 IRLED2835
Added Member To Class: ClassName=IR180-19_5GF Member=Component D29 IRLED2835
Added Member To Class: ClassName=IR180-19_5GF Member=Component D30 IRLED2835
Added Member To Class: ClassName=IR180-19_5GF Member=Component D31 IRLED2835
Added Member To Class: ClassName=IR180-19_5GF Member=Component D32 IRLED2835
Added Member To Class: ClassName=IR180-19_5GF Member=Component D33 IRLED2835
Added Member To Class: ClassName=IR180-19_5GF Member=Component D34 IRLED2835
Added Member To Class: ClassName=IR180-19_5GF Member=Component D35 IRLED2835
Added Member To Class: ClassName=IR180-19_5GF Member=Component D36 IRLED2835
Added Member To Class: ClassName=IR180-19_5GF Member=Component D37 IRLED2835
Added Member To Class: ClassName=IR180-19_5GF Member=Component D38 IRLED2835
Added Member To Class: ClassName=IR180-19_5GF Member=Component D39 IRLED2835
Added Member To Class: ClassName=IR180-19_5GF Member=Component D40 IRLED2835
Added Member To Class: ClassName=IR180-19_5GF Member=Component D41 IRLED2835
Added Member To Class: ClassName=IR180-19_5GF Member=Component D42 IRLED2835
Added Member To Class: ClassName=IR180-19_5GF Member=Component D43 IRLED2835
Added Member To Class: ClassName=IR180-19_5GF Member=Component D44 IRLED2835
Added Member To Class: ClassName=IR180-19_5GF Member=Component D45 IRLED2835
Added Member To Class: ClassName=IR180-19_5GF Member=Component D46 IRLED2835
Added Member To Class: ClassName=IR180-19_5GF Member=Component D47 IRLED2835
Added Member To Class: ClassName=IR180-19_5GF Member=Component D48 IRLED2835
Added Member To Class: ClassName=IR180-19_5GF Member=Component D49 IRLED2835
Added Member To Class: ClassName=IR180-19_5GF Member=Component D50 IRLED2835
Added Member To Class: ClassName=IR180-19_5GF Member=Component D51 IRLED2835
Added Member To Class: ClassName=IR180-19_5GF Member=Component D52 IRLED2835
Added Member To Class: ClassName=IR180-19_5GF Member=Component D53 IRLED2835
Added Member To Class: ClassName=IR180-19_5GF Member=Component D54 IRLED2835
Added Member To Class: ClassName=IR180-19_5GF Member=Component D55 IRLED2835
Added Member To Class: ClassName=IR180-19_5GF Member=Component D56 IRLED2835
Added Member To Class: ClassName=IR180-19_5GF Member=Component D57 IRLED2835
Added Member To Class: ClassName=IR180-19_5GF Member=Component D58 IRLED2835
Added Member To Class: ClassName=IR180-19_5GF Member=Component D59 IRLED2835
Added Member To Class: ClassName=IR180-19_5GF Member=Component D60 IRLED2835
Added Member To Class: ClassName=IR180-19_5GF Member=Component D61 IRLED2835
Added Member To Class: ClassName=IR180-19_5GF Member=Component D62 IRLED2835
Added Member To Class: ClassName=IR180-19_5GF Member=Component D63 IRLED2835
Added Member To Class: ClassName=IR180-19_5GF Member=Component D64 IRLED2835
Added Member To Class: ClassName=IR180-19_5GF Member=Component D65 IRLED2835
Added Member To Class: ClassName=IR180-19_5GF Member=Component D66 IRLED2835
Added Member To Class: ClassName=IR180-19_5GF Member=Component D67 IRLED2835
Added Member To Class: ClassName=IR180-19_5GF Member=Component D68 IRLED2835
Added Member To Class: ClassName=IR180-19_5GF Member=Component D69 IRLED2835
Added Member To Class: ClassName=IR180-19_5GF Member=Component D70 IRLED2835
Added Member To Class: ClassName=IR180-19_5GF Member=Component D71 IRLED2835
Added Member To Class: ClassName=IR180-19_5GF Member=Component D72 IRLED2835
Added Member To Class: ClassName=IR180-19_5GF Member=Component D73 IRLED2835
Added Member To Class: ClassName=IR180-19_5GF Member=Component D74 IRLED2835
Added Member To Class: ClassName=IR180-19_5GF Member=Component D75 IRLED2835
Added Member To Class: ClassName=IR180-19_5GF Member=Component D76 IRLED2835
Added Member To Class: ClassName=IR180-19_5GF Member=Component D77 IRLED2835
Added Member To Class: ClassName=IR180-19_5GF Member=Component D78 IRLED2835
Added Member To Class: ClassName=IR180-19_5GF Member=Component D79 IRLED2835
Added Member To Class: ClassName=IR180-19_5GF Member=Component D80 IRLED2835
Added Member To Class: ClassName=IR180-19_5GF Member=Component D81 IRLED2835
Added Member To Class: ClassName=IR180-19_5GF Member=Component D82 IRLED2835
Added Member To Class: ClassName=IR180-19_5GF Member=Component D83 IRLED2835
Added Member To Class: ClassName=IR180-19_5GF Member=Component D84 IRLED2835
Added Member To Class: ClassName=IR180-19_5GF Member=Component D85 IRLED2835
Added Member To Class: ClassName=IR180-19_5GF Member=Component D86 IRLED2835
Added Member To Class: ClassName=IR180-19_5GF Member=Component D87 IRLED2835
Added Member To Class: ClassName=IR180-19_5GF Member=Component D88 IRLED2835
Added Member To Class: ClassName=IR180-19_5GF Member=Component D89 IRLED2835
Added Member To Class: ClassName=IR180-19_5GF Member=Component D90 IRLED2835
Added Member To Class: ClassName=IR180-19_5GF Member=Component D91 IRLED2835
Added Member To Class: ClassName=IR180-19_5GF Member=Component D92 IRLED2835
Added Member To Class: ClassName=IR180-19_5GF Member=Component D93 IRLED2835
Added Member To Class: ClassName=IR180-19_5GF Member=Component D94 IRLED2835
Added Member To Class: ClassName=IR180-19_5GF Member=Component D95 IRLED2835
Added Member To Class: ClassName=IR180-19_5GF Member=Component D96 IRLED2835
Added Member To Class: ClassName=IR180-19_5GF Member=Component D97 IRLED2835
Added Member To Class: ClassName=IR180-19_5GF Member=Component D98 IRLED2835
Added Member To Class: ClassName=IR180-19_5GF Member=Component D99 IRLED2835
Added Member To Class: ClassName=IR180-19_5GF Member=Component D100 IRLED2835
Added Member To Class: ClassName=IR180-19_5GF Member=Component D101 IRLED2835
Added Member To Class: ClassName=IR180-19_5GF Member=Component D102 IRLED2835
Added Member To Class: ClassName=IR180-19_5GF Member=Component D103 IRLED2835
Added Member To Class: ClassName=IR180-19_5GF Member=Component D104 IRLED2835
Added Member To Class: ClassName=IR180-19_5GF Member=Component D105 IRLED2835
Added Member To Class: ClassName=IR180-19_5GF Member=Component D106 IRLED2835
Added Member To Class: ClassName=IR180-19_5GF Member=Component D107 IRLED2835
Added Member To Class: ClassName=IR180-19_5GF Member=Component D108 IRLED2835
Added Member To Class: ClassName=IR180-19_5GF Member=Component D109 IRLED2835
Added Member To Class: ClassName=IR180-19_5GF Member=Component D110 IRLED2835
Added Member To Class: ClassName=IR180-19_5GF Member=Component D111 IRLED2835
Added Member To Class: ClassName=IR180-19_5GF Member=Component D112 IRLED2835
Added Room: Name=IR180-19_5GF
